


ARM Macro Assembler    Page 1 


    1 00000000                 AREA             RESET,CODE,READONLY
    2 00000000                 EXPORT           __Vectors
    3 00000000         __Vectors
    4 00000000 40001000        DCD              0x40001000
    5 00000004 00000000        DCD              Reset_Handler
    6 00000008                 ALIGN
    7 00000008                 AREA             mycode,CODE,READONLY
    8 00000000                 ENTRY
    9 00000000                 EXPORT           Reset_Handler
   10 00000000         Reset_Handler
   11 00000000 4811            ldr              r0,=SRC
   12 00000002 F04F 010A       mov              r1,#10
   13 00000006 F850 5B04 
                       up      ldr              r5,[r0],#4
   14 0000000A 1952            adds             r2,r5
   15 0000000C F143 0300       adc              r3,#0
   16 00000010 3901            subs             r1,#1
   17 00000012 D1F8            bne              up
   18 00000014 4C0D            ldr              r4,=DST
   19 00000016 F844 3B04       str              r3,[r4],#4
   20 0000001A 6022            str              r2,[r4]
   21 0000001C E7FE    stop    b                stop
   22 0000001E 00 00 00000001 
              00000002 
              00000003 
              00000004 
              00000005 
              00000006 
              00000007 
              00000008 
              00000009 
              0000000A SRC     DCD              1,2,3,4,5,6,7,8,9,10
   23 00000048 00000000 
              00000000         AREA             mydata,DATA,READWRITE
   24 00000000 00000000 
              00000000 DST     DCD              0x0,0x0
   25 00000008                 end
Command Line: --debug --xref --cpu=Cortex-M3 --apcs=interwork --depend=add10.d 
-oadd10.o -I"F:\Keil uVision\ARM\RV31\INC" -I"F:\Keil uVision\ARM\CMSIS\Include
" -I"F:\Keil uVision\ARM\Inc\NXP\LPC17xx" --list=add10.lst add10.s



ARM Macro Assembler    Page 1 Alphabetic symbol ordering
Relocatable symbols

RESET 00000000

Symbol: RESET
   Definitions
      At line 1 in file add10.s
   Uses
      None
Comment: RESET unused
__Vectors 00000000

Symbol: __Vectors
   Definitions
      At line 3 in file add10.s
   Uses
      At line 2 in file add10.s
Comment: __Vectors used once
2 symbols



ARM Macro Assembler    Page 1 Alphabetic symbol ordering
Relocatable symbols

Reset_Handler 00000000

Symbol: Reset_Handler
   Definitions
      At line 10 in file add10.s
   Uses
      At line 5 in file add10.s
      At line 9 in file add10.s

SRC 00000020

Symbol: SRC
   Definitions
      At line 22 in file add10.s
   Uses
      At line 11 in file add10.s
Comment: SRC used once
mycode 00000000

Symbol: mycode
   Definitions
      At line 7 in file add10.s
   Uses
      None
Comment: mycode unused
stop 0000001C

Symbol: stop
   Definitions
      At line 21 in file add10.s
   Uses
      At line 21 in file add10.s
Comment: stop used once
up 00000006

Symbol: up
   Definitions
      At line 13 in file add10.s
   Uses
      At line 17 in file add10.s
Comment: up used once
5 symbols



ARM Macro Assembler    Page 1 Alphabetic symbol ordering
Relocatable symbols

DST 00000000

Symbol: DST
   Definitions
      At line 24 in file add10.s
   Uses
      At line 18 in file add10.s
Comment: DST used once
mydata 00000000

Symbol: mydata
   Definitions
      At line 23 in file add10.s
   Uses
      None
Comment: mydata unused
2 symbols
341 symbols in table
