


ARM Macro Assembler    Page 1 


    1 00000000         ; QUESTION 1
    2 00000000         ; Load four 32-bit hexadecimal numbers in R0-R3
    3 00000000         ; Move two 8-bit hexadecimal in R4 and R5
    4 00000000         ; Load -13h, 30, 35, -2Fh in registers R7-R10
    5 00000000         
    6 00000000         
    7 00000000                 AREA             RESET, DATA, READONLY
    8 00000000                 EXPORT           __Vectors
    9 00000000         
   10 00000000         __Vectors
   11 00000000 10001000        DCD              0x10001000
   12 00000004 00000000        DCD              Reset_Handler
   13 00000008                 ALIGN
   14 00000008                 AREA             mycode, CODE, READONLY
   15 00000000                 ENTRY
   16 00000000                 EXPORT           Reset_Handler
   17 00000000         
   18 00000000         Reset_Handler
   19 00000000 4807            LDR              R0, Num1
   20 00000002 4908            LDR              R1, Num2
   21 00000004 4A08            LDR              R2, Num3
   22 00000006 4B09            LDR              R3, Num4
   23 00000008 F04F 04AA       MOV              R4, #0xAA
   24 0000000C 7805            LDRB             R5, [R0]
   25 0000000E 4F08            LDR              R7, =-0x13
   26 00000010 F04F 081E       LDR              R8, =30
   27 00000014 F04F 0923       LDR              R9, =35
   28 00000018 F8DF A018       LDR              R10, =-0x2F
   29 0000001C         
   30 0000001C         STOP
   31 0000001C E7FE            B                STOP
   32 0000001E         
   33 0000001E 00 00 1234567A 
                       Num1    DCD              0x1234567A
   34 00000024 FFFAB001 
                       Num2    DCD              0xFFFAB001
   35 00000028 10010010 
                       Num3    DCD              0x10010010
   36 0000002C BF7DC8BD 
                       Num4    DCD              -0x40823743
   37 00000030         
   38 00000030                 END
              FFFFFFED 
              FFFFFFD1 
Command Line: --debug --xref --cpu=Cortex-M3 --apcs=interwork --depend=practice
1.d -opractice1.o -IC:\Keil\ARM\RV31\INC -IC:\Keil\ARM\CMSIS\Include -IC:\Keil\
ARM\Inc\NXP\LPC17xx --predefine="__EVAL SETA 1" --list=practice1.lst practice1.
s



ARM Macro Assembler    Page 1 Alphabetic symbol ordering
Relocatable symbols

RESET 00000000

Symbol: RESET
   Definitions
      At line 7 in file practice1.s
   Uses
      None
Comment: RESET unused
__Vectors 00000000

Symbol: __Vectors
   Definitions
      At line 10 in file practice1.s
   Uses
      At line 8 in file practice1.s
Comment: __Vectors used once
2 symbols



ARM Macro Assembler    Page 1 Alphabetic symbol ordering
Relocatable symbols

Num1 00000020

Symbol: Num1
   Definitions
      At line 33 in file practice1.s
   Uses
      At line 19 in file practice1.s
Comment: Num1 used once
Num2 00000024

Symbol: Num2
   Definitions
      At line 34 in file practice1.s
   Uses
      At line 20 in file practice1.s
Comment: Num2 used once
Num3 00000028

Symbol: Num3
   Definitions
      At line 35 in file practice1.s
   Uses
      At line 21 in file practice1.s
Comment: Num3 used once
Num4 0000002C

Symbol: Num4
   Definitions
      At line 36 in file practice1.s
   Uses
      At line 22 in file practice1.s
Comment: Num4 used once
Reset_Handler 00000000

Symbol: Reset_Handler
   Definitions
      At line 18 in file practice1.s
   Uses
      At line 12 in file practice1.s
      At line 16 in file practice1.s

STOP 0000001C

Symbol: STOP
   Definitions
      At line 30 in file practice1.s
   Uses
      At line 31 in file practice1.s
Comment: STOP used once
mycode 00000000

Symbol: mycode
   Definitions
      At line 14 in file practice1.s
   Uses
      None
Comment: mycode unused
7 symbols
342 symbols in table
