


ARM Macro Assembler    Page 1 


    1 00000000                 AREA             RESET, DATA, READONLY
    2 00000000                 EXPORT           __Vectors
    3 00000000         
    4 00000000         __Vectors
    5 00000000 10001000        DCD              0x10001000
    6 00000004 00000000        DCD              Reset_Handler
    7 00000008                 ALIGN
    8 00000008                 AREA             mycode, CODE, READONLY
    9 00000000                 ENTRY
   10 00000000                 EXPORT           Reset_Handler
   11 00000000         
   12 00000000         Reset_Handler
   13 00000000 4910            LDR              R1,=SRC
   14 00000002 4A11            LDR              R2,=DST
   15 00000004 F04F 030A       MOV              R3,#10
   16 00000008                 EXPORT           Up
   17 00000008         
   18 00000008         Up
   19 00000008 F851 4B04       LDR              R4,[R1],#4
   20 0000000C F842 4B04       STR              R4,[R2],#4
   21 00000010 F1A3 0301       SUB              R3,R3,#1
   22 00000014 F093 0F00       TEQ              R3,#0
   23 00000018 D1FE            BNE              Up
   24 0000001A         
   25 0000001A         STOP
   26 0000001A E7FE            B                STOP
   27 0000001C         
   28 0000001C 00000001 
              00000002 
              00000003 
              00000004 
              00000005 
              00000006 
              00000007 
              00000008 
              00000009 
              0000000A SRC     DCD              1,2,3,4,5,6,7,8,9,10
   29 00000044 00000000 
              00000000         AREA             data, DATA, READWRITE
   30 00000000 00000000 
                       DST     DCD              0
   31 00000004         
   32 00000004                 END
Command Line: --debug --xref --cpu=Cortex-M3 --apcs=interwork --depend=q1.d -oq
1.o -I"F:\Keil uVision\ARM\RV31\INC" -I"F:\Keil uVision\ARM\CMSIS\Include" -I"F
:\Keil uVision\ARM\Inc\NXP\LPC17xx" --list=q1.lst q1.s



ARM Macro Assembler    Page 1 Alphabetic symbol ordering
Relocatable symbols

RESET 00000000

Symbol: RESET
   Definitions
      At line 1 in file q1.s
   Uses
      None
Comment: RESET unused
__Vectors 00000000

Symbol: __Vectors
   Definitions
      At line 4 in file q1.s
   Uses
      At line 2 in file q1.s
Comment: __Vectors used once
2 symbols



ARM Macro Assembler    Page 1 Alphabetic symbol ordering
Relocatable symbols

Reset_Handler 00000000

Symbol: Reset_Handler
   Definitions
      At line 12 in file q1.s
   Uses
      At line 6 in file q1.s
      At line 10 in file q1.s

SRC 0000001C

Symbol: SRC
   Definitions
      At line 28 in file q1.s
   Uses
      At line 13 in file q1.s
Comment: SRC used once
STOP 0000001A

Symbol: STOP
   Definitions
      At line 25 in file q1.s
   Uses
      At line 26 in file q1.s
Comment: STOP used once
Up 00000008

Symbol: Up
   Definitions
      At line 18 in file q1.s
   Uses
      At line 16 in file q1.s
      At line 23 in file q1.s

mycode 00000000

Symbol: mycode
   Definitions
      At line 8 in file q1.s
   Uses
      None
Comment: mycode unused
5 symbols



ARM Macro Assembler    Page 1 Alphabetic symbol ordering
Relocatable symbols

DST 00000000

Symbol: DST
   Definitions
      At line 30 in file q1.s
   Uses
      At line 14 in file q1.s
Comment: DST used once
data 00000000

Symbol: data
   Definitions
      At line 29 in file q1.s
   Uses
      None
Comment: data unused
2 symbols
341 symbols in table
