


ARM Macro Assembler    Page 1 


    1 00000000                 AREA             RESET, DATA, READONLY
    2 00000000                 EXPORT           __Vectors
    3 00000000         
    4 00000000         __Vectors
    5 00000000 10001000        DCD              0x10001000
    6 00000004 00000000        DCD              Reset_Handler
    7 00000008                 ALIGN
    8 00000008                 AREA             code1, CODE, READONLY
    9 00000000                 ENTRY
   10 00000000                 EXPORT           Reset_Handler
   11 00000000         
   12 00000000         Reset_Handler
   13 00000000 491A            LDR              R1,=SRC
   14 00000002 F8DF 906C       LDR              R9,=DST
   15 00000006 F8DF 8068       LDR              R8,=DST
   16 0000000A F04F 0A0A       MOV              R10,#10
   17 0000000E                 EXPORT           INSERT
   18 0000000E         
   19 0000000E         INSERT
   20 0000000E F851 3B04       LDR              R3,[R1],#4
   21 00000012 F849 3B04       STR              R3,[R9],#4
   22 00000016 F1AA 0A01       SUB              R10,R10,#1
   23 0000001A F09A 0F00       TEQ              R10,#0
   24 0000001E D1FE            BNE              INSERT
   25 00000020 F04F 0A05       MOV              R10,#5
   26 00000024 F8DF 904C       LDR              R9,=DST+(4*9)
   27 00000028         
   28 00000028         SWAP
   29 00000028 F8D8 3000       LDR              R3,[R8]
   30 0000002C F8D9 4000       LDR              R4,[R9]
   31 00000030 F848 4B04       STR              R4,[R8],#4
   32 00000034 F849 3904       STR              R3,[R9],#-4
   33 00000038 F1AA 0A01       SUB              R10,R10,#1
   34 0000003C F09A 0F00       TEQ              R10,#0
   35 00000040 D1F2            BNE              SWAP
   36 00000042         
   37 00000042         STOP
   38 00000042 E7FE            B                STOP
   39 00000044         
   40 00000044 00000001 
              00000002 
              00000003 
              00000004 
              00000005 
              00000006 
              00000007 
              00000008 
              00000009 
              0000000A SRC     DCD              1,2,3,4,5,6,7,8,9,10
   41 0000006C 00000000 
              00000000 
              00000024 
              00000000         AREA             data1, DATA, READWRITE
   42 00000000         
   43 00000000 00000000 
                       DST     DCD              0
   44 00000004 00000000 
                       VAL     DCD              0
   45 00000008         



ARM Macro Assembler    Page 2 


   46 00000008                 END
Command Line: --debug --xref --cpu=Cortex-M3 --apcs=interwork --depend=reverse_
array.d -oreverse_array.o -I"F:\Keil uVision\ARM\RV31\INC" -I"F:\Keil uVision\A
RM\CMSIS\Include" -I"F:\Keil uVision\ARM\Inc\NXP\LPC17xx" --list=reverse_array.
lst reverse_array.s



ARM Macro Assembler    Page 1 Alphabetic symbol ordering
Relocatable symbols

RESET 00000000

Symbol: RESET
   Definitions
      At line 1 in file reverse_array.s
   Uses
      None
Comment: RESET unused
__Vectors 00000000

Symbol: __Vectors
   Definitions
      At line 4 in file reverse_array.s
   Uses
      At line 2 in file reverse_array.s
Comment: __Vectors used once
2 symbols



ARM Macro Assembler    Page 1 Alphabetic symbol ordering
Relocatable symbols

INSERT 0000000E

Symbol: INSERT
   Definitions
      At line 19 in file reverse_array.s
   Uses
      At line 17 in file reverse_array.s
      At line 24 in file reverse_array.s

Reset_Handler 00000000

Symbol: Reset_Handler
   Definitions
      At line 12 in file reverse_array.s
   Uses
      At line 6 in file reverse_array.s
      At line 10 in file reverse_array.s

SRC 00000044

Symbol: SRC
   Definitions
      At line 40 in file reverse_array.s
   Uses
      At line 13 in file reverse_array.s
Comment: SRC used once
STOP 00000042

Symbol: STOP
   Definitions
      At line 37 in file reverse_array.s
   Uses
      At line 38 in file reverse_array.s
Comment: STOP used once
SWAP 00000028

Symbol: SWAP
   Definitions
      At line 28 in file reverse_array.s
   Uses
      At line 35 in file reverse_array.s
Comment: SWAP used once
code1 00000000

Symbol: code1
   Definitions
      At line 8 in file reverse_array.s
   Uses
      None
Comment: code1 unused
6 symbols



ARM Macro Assembler    Page 1 Alphabetic symbol ordering
Relocatable symbols

DST 00000000

Symbol: DST
   Definitions
      At line 43 in file reverse_array.s
   Uses
      At line 14 in file reverse_array.s
      At line 15 in file reverse_array.s
      At line 26 in file reverse_array.s

VAL 00000004

Symbol: VAL
   Definitions
      At line 44 in file reverse_array.s
   Uses
      None
Comment: VAL unused
data1 00000000

Symbol: data1
   Definitions
      At line 41 in file reverse_array.s
   Uses
      None
Comment: data1 unused
3 symbols
343 symbols in table
