


ARM Macro Assembler    Page 1 


    1 00000000                 AREA             RESET,DATA,READONLY
    2 00000000                 EXPORT           __Vectors
    3 00000000         __Vectors
    4 00000000 10004000        DCD              0X10004000
    5 00000004 00000000        DCD              Reset_Handler
    6 00000008                 ALIGN
    7 00000008                 AREA             mycode,CODE,READONLY
    8 00000000                 ENTRY
    9 00000000                 EXPORT           Reset_Handler
   10 00000000         Reset_Handler
   11 00000000 4812            ldr              r0,=num1
   12 00000002 4913            ldr              r1,=num2
   13 00000004 4A13            ldr              r2,=ans
   14 00000006 F04F 0604       mov              r6,#4       ;
   15 0000000A F850 3B04 
                       up      ldr              r3,[r0],#4
   16 0000000E F851 4B04       ldr              r4,[r1],#4
   17 00000012 EB73 0504       sbcs             r5,r3,r4
   18 00000016 F842 5B04       str              r5,[r2],#4
   19 0000001A F1A6 0601       sub              r6,#1
   20 0000001E F096 0F00       teq              r6,#0
   21 00000022 D1F2            bne              up
   22 00000024 F167 0700       sbc              r7,#0
   23 00000028 6017            str              r7,[r2]
   24 0000002A E7FE    stop    b                stop
   25 0000002C FFFFFFFF 
              FFFFFFFF 
              FFFFFFFF 
              000FFFFF num1    dcd              0xffffffff,0xffffffff,0xfffffff
f,0xfffff
   26 0000003C 00000001 
              11111111 
              12345678 
              00000001 num2    dcd              0x00000001,0x11111111,0x1234567
8,0x01
   27 0000004C 00000000 
              00000000 
              00000000         AREA             dataseg,DATA,READWRITE
   28 00000000 00000000 
                       ans     dcd              0x0
   29 00000004                 end
Command Line: --debug --xref --cpu=Cortex-M3 --apcs=interwork --depend=sub128bi
t.d -osub128bit.o -I"F:\Keil uVision\ARM\RV31\INC" -I"F:\Keil uVision\ARM\CMSIS
\Include" -I"F:\Keil uVision\ARM\Inc\NXP\LPC17xx" --list=sub128bit.lst sub128bi
t.s



ARM Macro Assembler    Page 1 Alphabetic symbol ordering
Relocatable symbols

RESET 00000000

Symbol: RESET
   Definitions
      At line 1 in file sub128bit.s
   Uses
      None
Comment: RESET unused
__Vectors 00000000

Symbol: __Vectors
   Definitions
      At line 3 in file sub128bit.s
   Uses
      At line 2 in file sub128bit.s
Comment: __Vectors used once
2 symbols



ARM Macro Assembler    Page 1 Alphabetic symbol ordering
Relocatable symbols

Reset_Handler 00000000

Symbol: Reset_Handler
   Definitions
      At line 10 in file sub128bit.s
   Uses
      At line 5 in file sub128bit.s
      At line 9 in file sub128bit.s

mycode 00000000

Symbol: mycode
   Definitions
      At line 7 in file sub128bit.s
   Uses
      None
Comment: mycode unused
num1 0000002C

Symbol: num1
   Definitions
      At line 25 in file sub128bit.s
   Uses
      At line 11 in file sub128bit.s
Comment: num1 used once
num2 0000003C

Symbol: num2
   Definitions
      At line 26 in file sub128bit.s
   Uses
      At line 12 in file sub128bit.s
Comment: num2 used once
stop 0000002A

Symbol: stop
   Definitions
      At line 24 in file sub128bit.s
   Uses
      At line 24 in file sub128bit.s
Comment: stop used once
up 0000000A

Symbol: up
   Definitions
      At line 15 in file sub128bit.s
   Uses
      At line 21 in file sub128bit.s
Comment: up used once
6 symbols



ARM Macro Assembler    Page 1 Alphabetic symbol ordering
Relocatable symbols

ans 00000000

Symbol: ans
   Definitions
      At line 28 in file sub128bit.s
   Uses
      At line 13 in file sub128bit.s
Comment: ans used once
dataseg 00000000

Symbol: dataseg
   Definitions
      At line 27 in file sub128bit.s
   Uses
      None
Comment: dataseg unused
2 symbols
342 symbols in table
