


ARM Macro Assembler    Page 1 


    1 00000000                 AREA             RESET,DATA,READONLY
    2 00000000                 EXPORT           __Vectors
    3 00000000         
    4 00000000         __Vectors
    5 00000000 10001000        DCD              0x10001000
    6 00000004 00000000        DCD              Reset_Handler
    7 00000008                 ALIGN
    8 00000008                 AREA             myCode, CODE, READONLY
    9 00000000                 ENTRY
   10 00000000                 EXPORT           Reset_Handler
   11 00000000         
   12 00000000         Reset_Handler
   13 00000000 480A            LDR              R0,=Num1
   14 00000002 490B            LDR              R1,=Num2
   15 00000004 6802            LDR              R2,[R0]
   16 00000006 680B            LDR              R3,[R1]
   17 00000008 F8DF 9028       LDR              R9,=DST
   18 0000000C                 EXPORT           LOOP
   19 0000000C         
   20 0000000C         LOOP
   21 0000000C 429A            CMP              R2,R3
   22 0000000E D005            BEQ              ENDING
   23 00000010 D800            BHI              DECREMENT_R2
   24 00000012 D301            BLO              DECREMENT_R3
   25 00000014         
   26 00000014         DECREMENT_R2
   27 00000014 EBA2 0203       SUB              R2,R2,R3
   28 00000018                 EXPORT           LOOP
   29 00000018         
   30 00000018         DECREMENT_R3
   31 00000018 EBA3 0302       SUB              R3,R3,R2
   32 0000001C                 EXPORT           LOOP
   33 0000001C         
   34 0000001C         ENDING
   35 0000001C F8C9 2000       STR              R2,[R9]
   36 00000020         
   37 00000020         STOP
   38 00000020 E7FE            B                STOP
   39 00000022         
   40 00000022 00 00 00000024 
                       Num1    DCD              36
   41 00000028 0000001B 
                       Num2    DCD              27
   42 0000002C         
   43 0000002C 00000000 
              00000000 
              00000000         AREA             data1,DATA,READWRITE
   44 00000000 00000000 
                       DST     DCD              0
   45 00000004         
   46 00000004                 END
Command Line: --debug --xref --cpu=Cortex-M3 --apcs=interwork --depend=GCD.d -o
GCD.o -I"F:\Keil uVision\ARM\RV31\INC" -I"F:\Keil uVision\ARM\CMSIS\Include" -I
"F:\Keil uVision\ARM\Inc\NXP\LPC17xx" --list=GCD.lst GCD.s



ARM Macro Assembler    Page 1 Alphabetic symbol ordering
Relocatable symbols

RESET 00000000

Symbol: RESET
   Definitions
      At line 1 in file GCD.s
   Uses
      None
Comment: RESET unused
__Vectors 00000000

Symbol: __Vectors
   Definitions
      At line 4 in file GCD.s
   Uses
      At line 2 in file GCD.s
Comment: __Vectors used once
2 symbols



ARM Macro Assembler    Page 1 Alphabetic symbol ordering
Relocatable symbols

DECREMENT_R2 00000014

Symbol: DECREMENT_R2
   Definitions
      At line 26 in file GCD.s
   Uses
      At line 23 in file GCD.s
Comment: DECREMENT_R2 used once
DECREMENT_R3 00000018

Symbol: DECREMENT_R3
   Definitions
      At line 30 in file GCD.s
   Uses
      At line 24 in file GCD.s
Comment: DECREMENT_R3 used once
ENDING 0000001C

Symbol: ENDING
   Definitions
      At line 34 in file GCD.s
   Uses
      At line 22 in file GCD.s
Comment: ENDING used once
LOOP 0000000C

Symbol: LOOP
   Definitions
      At line 20 in file GCD.s
   Uses
      At line 18 in file GCD.s
      At line 28 in file GCD.s
      At line 32 in file GCD.s

Num1 00000024

Symbol: Num1
   Definitions
      At line 40 in file GCD.s
   Uses
      At line 13 in file GCD.s
Comment: Num1 used once
Num2 00000028

Symbol: Num2
   Definitions
      At line 41 in file GCD.s
   Uses
      At line 14 in file GCD.s
Comment: Num2 used once
Reset_Handler 00000000

Symbol: Reset_Handler
   Definitions
      At line 12 in file GCD.s
   Uses
      At line 6 in file GCD.s
      At line 10 in file GCD.s




ARM Macro Assembler    Page 2 Alphabetic symbol ordering
Relocatable symbols

STOP 00000020

Symbol: STOP
   Definitions
      At line 37 in file GCD.s
   Uses
      At line 38 in file GCD.s
Comment: STOP used once
myCode 00000000

Symbol: myCode
   Definitions
      At line 8 in file GCD.s
   Uses
      None
Comment: myCode unused
9 symbols



ARM Macro Assembler    Page 1 Alphabetic symbol ordering
Relocatable symbols

DST 00000000

Symbol: DST
   Definitions
      At line 44 in file GCD.s
   Uses
      At line 17 in file GCD.s
Comment: DST used once
data1 00000000

Symbol: data1
   Definitions
      At line 43 in file GCD.s
   Uses
      None
Comment: data1 unused
2 symbols
345 symbols in table
