


ARM Macro Assembler    Page 1 


    1 00000000                 AREA             RESET,DATA,READONLY
    2 00000000                 EXPORT           __Vectors
    3 00000000         
    4 00000000         __Vectors
    5 00000000 10001000        DCD              0x10001000
    6 00000004 00000000        DCD              Reset_Handler
    7 00000008                 ALIGN
    8 00000008                 AREA             myCode, CODE, READONLY
    9 00000000                 ENTRY
   10 00000000                 EXPORT           Reset_Handler
   11 00000000         
   12 00000000         Reset_Handler
   13 00000000 4811            LDR              R0,=Num1
   14 00000002 4912            LDR              R1,=Num2
   15 00000004 6802            LDR              R2,[R0]
   16 00000006 680B            LDR              R3,[R1]
   17 00000008 F8DF 9044       LDR              R9,=DST
   18 0000000C                 EXPORT           LOOP
   19 0000000C         
   20 0000000C         LOOP
   21 0000000C 429A            CMP              R2,R3
   22 0000000E D007            BEQ              FIND_LCM
   23 00000010 D800            BHI              DECREMENT_R2
   24 00000012 D302            BLO              DECREMENT_R3
   25 00000014         
   26 00000014         DECREMENT_R2
   27 00000014 EBA2 0203       SUB              R2,R2,R3
   28 00000018 E7FE            B                LOOP
   29 0000001A         
   30 0000001A         DECREMENT_R3
   31 0000001A EBA3 0302       SUB              R3,R3,R2
   32 0000001E E7FE            B                LOOP
   33 00000020         
   34 00000020         FIND_LCM
   35 00000020 4615            MOV              R5,R2
   36 00000022 6802            LDR              R2,[R0]
   37 00000024 680B            LDR              R3,[R1]
   38 00000026 FB02 F403       MUL              R4,R2,R3
   39 0000002A F04F 0000       MOV              R0,#0
   40 0000002E         
   41 0000002E         DIVIDE
   42 0000002E EBA4 0405       SUB              R4,R4,R5
   43 00000032 F100 0001       ADD              R0,R0,#1
   44 00000036 2C00            CMP              R4,#0
   45 00000038 D1F9            BNE              DIVIDE
   46 0000003A F8C9 0000       STR              R0,[R9]
   47 0000003E         
   48 0000003E         STOP
   49 0000003E E7FE            B                STOP
   50 00000040         
   51 00000040 00000006 
                       Num1    DCD              0x6
   52 00000044 00000009 
                       Num2    DCD              0x9
   53 00000048         
   54 00000048 00000000 
              00000000 
              00000000         AREA             data1,DATA,READWRITE
   55 00000000 00000000 



ARM Macro Assembler    Page 2 


                       DST     DCD              0
   56 00000004         
   57 00000004                 END
Command Line: --debug --xref --cpu=Cortex-M3 --apcs=interwork --depend=LCM.d -o
LCM.o -I"F:\Keil uVision\ARM\RV31\INC" -I"F:\Keil uVision\ARM\CMSIS\Include" -I
"F:\Keil uVision\ARM\Inc\NXP\LPC17xx" --list=LCM.lst LCM.s



ARM Macro Assembler    Page 1 Alphabetic symbol ordering
Relocatable symbols

RESET 00000000

Symbol: RESET
   Definitions
      At line 1 in file LCM.s
   Uses
      None
Comment: RESET unused
__Vectors 00000000

Symbol: __Vectors
   Definitions
      At line 4 in file LCM.s
   Uses
      At line 2 in file LCM.s
Comment: __Vectors used once
2 symbols



ARM Macro Assembler    Page 1 Alphabetic symbol ordering
Relocatable symbols

DECREMENT_R2 00000014

Symbol: DECREMENT_R2
   Definitions
      At line 26 in file LCM.s
   Uses
      At line 23 in file LCM.s
Comment: DECREMENT_R2 used once
DECREMENT_R3 0000001A

Symbol: DECREMENT_R3
   Definitions
      At line 30 in file LCM.s
   Uses
      At line 24 in file LCM.s
Comment: DECREMENT_R3 used once
DIVIDE 0000002E

Symbol: DIVIDE
   Definitions
      At line 41 in file LCM.s
   Uses
      At line 45 in file LCM.s
Comment: DIVIDE used once
FIND_LCM 00000020

Symbol: FIND_LCM
   Definitions
      At line 34 in file LCM.s
   Uses
      At line 22 in file LCM.s
Comment: FIND_LCM used once
LOOP 0000000C

Symbol: LOOP
   Definitions
      At line 20 in file LCM.s
   Uses
      At line 18 in file LCM.s
      At line 28 in file LCM.s
      At line 32 in file LCM.s

Num1 00000040

Symbol: Num1
   Definitions
      At line 51 in file LCM.s
   Uses
      At line 13 in file LCM.s
Comment: Num1 used once
Num2 00000044

Symbol: Num2
   Definitions
      At line 52 in file LCM.s
   Uses
      At line 14 in file LCM.s
Comment: Num2 used once
Reset_Handler 00000000



ARM Macro Assembler    Page 2 Alphabetic symbol ordering
Relocatable symbols


Symbol: Reset_Handler
   Definitions
      At line 12 in file LCM.s
   Uses
      At line 6 in file LCM.s
      At line 10 in file LCM.s

STOP 0000003E

Symbol: STOP
   Definitions
      At line 48 in file LCM.s
   Uses
      At line 49 in file LCM.s
Comment: STOP used once
myCode 00000000

Symbol: myCode
   Definitions
      At line 8 in file LCM.s
   Uses
      None
Comment: myCode unused
10 symbols



ARM Macro Assembler    Page 1 Alphabetic symbol ordering
Relocatable symbols

DST 00000000

Symbol: DST
   Definitions
      At line 55 in file LCM.s
   Uses
      At line 17 in file LCM.s
Comment: DST used once
data1 00000000

Symbol: data1
   Definitions
      At line 54 in file LCM.s
   Uses
      None
Comment: data1 unused
2 symbols
346 symbols in table
