


ARM Macro Assembler    Page 1 


    1 00000000                 AREA             RESET,DATA,READONLY
    2 00000000                 EXPORT           __Vectors
    3 00000000         
    4 00000000         __Vectors
    5 00000000 10001000        DCD              0x10001000
    6 00000004 00000000        DCD              Reset_Handler
    7 00000008                 ALIGN
    8 00000008                 AREA             bubble,CODE,READONLY
    9 00000000                 ENTRY
   10 00000000                 EXPORT           Reset_Handler
   11 00000000         
   12 00000000         Reset_Handler
   13 00000000 4825            LDR              R0,=SRC
   14 00000002 4926            LDR              R1,=DST
   15 00000004 F04F 0A05       MOV              R10,#5
   16 00000008 F000 F809       BL               STORE
   17 0000000C F04F 0A04       MOV              R10,#4
   18 00000010 4A23            LDR              R2,=DST+16
   19 00000012 F000 F80F       BL               OUTER
   20 00000016 E033            B                STOP
   21 00000018         
   22 00000018         EXIT
   23 00000018 F85D EB04       POP              {R14}
   24 0000001C 4770            BX               LR
   25 0000001E         
   26 0000001E         STORE
   27 0000001E B500            PUSH             {R14}
   28 00000020 F850 2B04       LDR              R2,[R0],#4
   29 00000024 F841 2B04       STR              R2,[R1],#4
   30 00000028 F1AA 0A01       SUB              R10,R10,#1
   31 0000002C F1BA 0F00       CMP              R10,#0
   32 00000030 D0F2            BEQ              EXIT
   33 00000032 E7F4            B                STORE
   34 00000034         
   35 00000034         OUTER
   36 00000034 B500            PUSH             {R14}
   37 00000036 46D3            MOV              R11,R10
   38 00000038 F1AB 0B01       SUB              R11,R11,#1
   39 0000003C 4917            LDR              R1,=DST
   40 0000003E 4616            MOV              R6,R2
   41 00000040 F852 3904       LDR              R3,[R2],#-4
   42 00000044 F000 F806       BL               INNER
   43 00000048 F1AA 0A01       SUB              R10,R10,#1
   44 0000004C F1BA 0F00       CMP              R10,#0
   45 00000050 D0E2            BEQ              EXIT
   46 00000052 E7EF            B                OUTER
   47 00000054         
   48 00000054         INNER
   49 00000054 B500            PUSH             {R14}
   50 00000056 460F            MOV              R7,R1
   51 00000058 F851 5B04       LDR              R5,[R1],#4
   52 0000005C 429D            CMP              R5,R3
   53 0000005E D800            BHI              SWAP
   54 00000060 E008            B                DONE
   55 00000062         
   56 00000062         SWAP
   57 00000062 F8D7 8000       LDR              R8,[R7]
   58 00000066 F8D6 9000       LDR              R9,[R6]
   59 0000006A F8C7 9000       STR              R9,[R7]



ARM Macro Assembler    Page 2 


   60 0000006E F8C6 8000       STR              R8,[R6]
   61 00000072 4643            MOV              R3,R8
   62 00000074         
   63 00000074         DONE
   64 00000074 F1AB 0B01       SUB              R11,R11,#1
   65 00000078 F1BB 0F00       CMP              R11,#0
   66 0000007C D0CC            BEQ              EXIT
   67 0000007E E7E9            B                INNER
   68 00000080         
   69 00000080         STOP
   70 00000080 E7FE            B                STOP
   71 00000082         
   72 00000082 00 00 00000003 
              00000004 
              00000001 
              00000005 
              00000002 SRC     DCD              3,4,1,5,2
   73 00000098         
   74 00000098 00000000 
              00000000 
              00000010 
              00000000         AREA             dseg,DATA,READWRITE
   75 00000000 00000000 
                       DST     DCD              0
   76 00000004         
   77 00000004                 END
Command Line: --debug --xref --cpu=Cortex-M3 --apcs=interwork --depend=bubble_s
ort.d -obubble_sort.o -I"F:\Keil uVision\ARM\RV31\INC" -I"F:\Keil uVision\ARM\C
MSIS\Include" -I"F:\Keil uVision\ARM\Inc\NXP\LPC17xx" --list=bubble_sort.lst bu
bble_sort.s



ARM Macro Assembler    Page 1 Alphabetic symbol ordering
Relocatable symbols

RESET 00000000

Symbol: RESET
   Definitions
      At line 1 in file bubble_sort.s
   Uses
      None
Comment: RESET unused
__Vectors 00000000

Symbol: __Vectors
   Definitions
      At line 4 in file bubble_sort.s
   Uses
      At line 2 in file bubble_sort.s
Comment: __Vectors used once
2 symbols



ARM Macro Assembler    Page 1 Alphabetic symbol ordering
Relocatable symbols

DONE 00000074

Symbol: DONE
   Definitions
      At line 63 in file bubble_sort.s
   Uses
      At line 54 in file bubble_sort.s
Comment: DONE used once
EXIT 00000018

Symbol: EXIT
   Definitions
      At line 22 in file bubble_sort.s
   Uses
      At line 32 in file bubble_sort.s
      At line 45 in file bubble_sort.s
      At line 66 in file bubble_sort.s

INNER 00000054

Symbol: INNER
   Definitions
      At line 48 in file bubble_sort.s
   Uses
      At line 42 in file bubble_sort.s
      At line 67 in file bubble_sort.s

OUTER 00000034

Symbol: OUTER
   Definitions
      At line 35 in file bubble_sort.s
   Uses
      At line 19 in file bubble_sort.s
      At line 46 in file bubble_sort.s

Reset_Handler 00000000

Symbol: Reset_Handler
   Definitions
      At line 12 in file bubble_sort.s
   Uses
      At line 6 in file bubble_sort.s
      At line 10 in file bubble_sort.s

SRC 00000084

Symbol: SRC
   Definitions
      At line 72 in file bubble_sort.s
   Uses
      At line 13 in file bubble_sort.s
Comment: SRC used once
STOP 00000080

Symbol: STOP
   Definitions
      At line 69 in file bubble_sort.s
   Uses



ARM Macro Assembler    Page 2 Alphabetic symbol ordering
Relocatable symbols

      At line 20 in file bubble_sort.s
      At line 70 in file bubble_sort.s

STORE 0000001E

Symbol: STORE
   Definitions
      At line 26 in file bubble_sort.s
   Uses
      At line 16 in file bubble_sort.s
      At line 33 in file bubble_sort.s

SWAP 00000062

Symbol: SWAP
   Definitions
      At line 56 in file bubble_sort.s
   Uses
      At line 53 in file bubble_sort.s
Comment: SWAP used once
bubble 00000000

Symbol: bubble
   Definitions
      At line 8 in file bubble_sort.s
   Uses
      None
Comment: bubble unused
10 symbols



ARM Macro Assembler    Page 1 Alphabetic symbol ordering
Relocatable symbols

DST 00000000

Symbol: DST
   Definitions
      At line 75 in file bubble_sort.s
   Uses
      At line 14 in file bubble_sort.s
      At line 18 in file bubble_sort.s
      At line 39 in file bubble_sort.s

dseg 00000000

Symbol: dseg
   Definitions
      At line 74 in file bubble_sort.s
   Uses
      None
Comment: dseg unused
2 symbols
346 symbols in table
