


ARM Macro Assembler    Page 1 


    1 00000000                 AREA             RESET,DATA,READONLY
    2 00000000                 EXPORT           __Vectors
    3 00000000         
    4 00000000         __Vectors
    5 00000000 10001000        DCD              0x10001000
    6 00000004 00000000        DCD              Reset_Handler
    7 00000008                 ALIGN
    8 00000008                 AREA             code,CODE,READONLY
    9 00000000                 ENTRY
   10 00000000                 EXPORT           Reset_Handler
   11 00000000         
   12 00000000         Reset_Handler
   13 00000000 480F            LDR              R0,=SRC
   14 00000002 6801            LDR              R1,[R0]
   15 00000004 F04F 0280       LDR              R2,=0x00000080
   16 00000008 F04F 0300       LDR              R3,=0
   17 0000000C F000 F803       BL               CONVERT
   18 00000010         
   19 00000010         EXIT
   20 00000010 F85D EB04       POP              {R14}
   21 00000014 4770            BX               LR
   22 00000016         
   23 00000016         CONVERT
   24 00000016 B500            PUSH             {R14}
   25 00000018 2A01            CMP              R2,#1
   26 0000001A D0F9            BEQ              EXIT
   27 0000001C 4291            CMP              R1,R2
   28 0000001E D801            BHI              HIGH
   29 00000020 D000            BEQ              HIGH
   30 00000022 D303            BLO              SECOND
   31 00000024         
   32 00000024         HIGH
   33 00000024 F103 0301       ADD              R3,R3,#1
   34 00000028 EBA1 0102       SUB              R1,R1,R2
   35 0000002C         
   36 0000002C         SECOND
   37 0000002C EA4F 1303       MOV              R3,R3,LSL #4
   38 00000030 EA4F 0252       MOV              R2,R2,LSR #1
   39 00000034 F7FF FFEF       BL               CONVERT
   40 00000038         
   41 00000038         STOP
   42 00000038 E7FE            B                STOP
   43 0000003A         
   44 0000003A 00 00 00000080 
                       SRC     DCD              128
   45 00000040         
   46 00000040 00000000        AREA             dseg,DATA,READWRITE
   47 00000000 00000000 
                       DST     DCD              0
   48 00000004         
   49 00000004                 END
Command Line: --debug --xref --cpu=Cortex-M3 --apcs=interwork --depend=hex_to_b
inary.d -ohex_to_binary.o -I"F:\Keil uVision\ARM\RV31\INC" -I"F:\Keil uVision\A
RM\CMSIS\Include" -I"F:\Keil uVision\ARM\Inc\NXP\LPC17xx" --list=hex_to_binary.
lst hex_to_binary.s



ARM Macro Assembler    Page 1 Alphabetic symbol ordering
Relocatable symbols

RESET 00000000

Symbol: RESET
   Definitions
      At line 1 in file hex_to_binary.s
   Uses
      None
Comment: RESET unused
__Vectors 00000000

Symbol: __Vectors
   Definitions
      At line 4 in file hex_to_binary.s
   Uses
      At line 2 in file hex_to_binary.s
Comment: __Vectors used once
2 symbols



ARM Macro Assembler    Page 1 Alphabetic symbol ordering
Relocatable symbols

CONVERT 00000016

Symbol: CONVERT
   Definitions
      At line 23 in file hex_to_binary.s
   Uses
      At line 17 in file hex_to_binary.s
      At line 39 in file hex_to_binary.s

EXIT 00000010

Symbol: EXIT
   Definitions
      At line 19 in file hex_to_binary.s
   Uses
      At line 26 in file hex_to_binary.s
Comment: EXIT used once
HIGH 00000024

Symbol: HIGH
   Definitions
      At line 32 in file hex_to_binary.s
   Uses
      At line 28 in file hex_to_binary.s
      At line 29 in file hex_to_binary.s

Reset_Handler 00000000

Symbol: Reset_Handler
   Definitions
      At line 12 in file hex_to_binary.s
   Uses
      At line 6 in file hex_to_binary.s
      At line 10 in file hex_to_binary.s

SECOND 0000002C

Symbol: SECOND
   Definitions
      At line 36 in file hex_to_binary.s
   Uses
      At line 30 in file hex_to_binary.s
Comment: SECOND used once
SRC 0000003C

Symbol: SRC
   Definitions
      At line 44 in file hex_to_binary.s
   Uses
      At line 13 in file hex_to_binary.s
Comment: SRC used once
STOP 00000038

Symbol: STOP
   Definitions
      At line 41 in file hex_to_binary.s
   Uses
      At line 42 in file hex_to_binary.s
Comment: STOP used once



ARM Macro Assembler    Page 2 Alphabetic symbol ordering
Relocatable symbols

code 00000000

Symbol: code
   Definitions
      At line 8 in file hex_to_binary.s
   Uses
      None
Comment: code unused
8 symbols



ARM Macro Assembler    Page 1 Alphabetic symbol ordering
Relocatable symbols

DST 00000000

Symbol: DST
   Definitions
      At line 47 in file hex_to_binary.s
   Uses
      None
Comment: DST unused
dseg 00000000

Symbol: dseg
   Definitions
      At line 46 in file hex_to_binary.s
   Uses
      None
Comment: dseg unused
2 symbols
344 symbols in table
