


ARM Macro Assembler    Page 1 


    1 00000000                 AREA             RESET,DATA,READONLY
    2 00000000                 EXPORT           __Vectors
    3 00000000         
    4 00000000         __Vectors
    5 00000000 10001000        DCD              0x10001000
    6 00000004 00000000        DCD              Reset_Handler
    7 00000008                 ALIGN
    8 00000008                 AREA             myCode, CODE, READONLY
    9 00000000                 ENTRY
   10 00000000                 EXPORT           Reset_Handler
   11 00000000         
   12 00000000         Reset_Handler
   13 00000000 480F            LDR              R0,=0x78563412
   14 00000002 4910            LDR              R1,=0x12EFCDAB
   15 00000004 4A0E            LDR              R2,=0x78563412
   16 00000006 4B0F            LDR              R3,=0x12EFCDAB
   17 00000008 F04F 5580       LDR              R5,=0x10000000
   18 0000000C C50F            STM              R5!,{R0-R3}
   19 0000000E C50C            STM              R5!,{R2-R3}
   20 00000010         
   21 00000010         STOP
   22 00000010 E7FE            B                STOP
   23 00000012         
   24 00000012 00 00 00000017 
                       Num1    DCD              23
   25 00000018 000000FF 
              0000002A 
              00000017 
              0000000B 
              00000051 
              00000013 
              00000064 
              00000002 
              0000004E 
              0000002C SRC     DCD              255,42,23,11,81,19,100,2,78,44
   26 00000040         
   27 00000040 78563412 
              12EFCDAB         AREA             data1,DATA,READWRITE
   28 00000000 00000000 
                       DST     DCD              0
   29 00000004         
   30 00000004                 END
Command Line: --debug --xref --cpu=Cortex-M3 --apcs=interwork --depend=LDM_STM.
d -oLDM_STM.o -I"F:\Keil uVision\ARM\RV31\INC" -I"F:\Keil uVision\ARM\CMSIS\Inc
lude" -I"F:\Keil uVision\ARM\Inc\NXP\LPC17xx" --list=LDM_STM.lst LDM_STM.s



ARM Macro Assembler    Page 1 Alphabetic symbol ordering
Relocatable symbols

RESET 00000000

Symbol: RESET
   Definitions
      At line 1 in file LDM_STM.s
   Uses
      None
Comment: RESET unused
__Vectors 00000000

Symbol: __Vectors
   Definitions
      At line 4 in file LDM_STM.s
   Uses
      At line 2 in file LDM_STM.s
Comment: __Vectors used once
2 symbols



ARM Macro Assembler    Page 1 Alphabetic symbol ordering
Relocatable symbols

Num1 00000014

Symbol: Num1
   Definitions
      At line 24 in file LDM_STM.s
   Uses
      None
Comment: Num1 unused
Reset_Handler 00000000

Symbol: Reset_Handler
   Definitions
      At line 12 in file LDM_STM.s
   Uses
      At line 6 in file LDM_STM.s
      At line 10 in file LDM_STM.s

SRC 00000018

Symbol: SRC
   Definitions
      At line 25 in file LDM_STM.s
   Uses
      None
Comment: SRC unused
STOP 00000010

Symbol: STOP
   Definitions
      At line 21 in file LDM_STM.s
   Uses
      At line 22 in file LDM_STM.s
Comment: STOP used once
myCode 00000000

Symbol: myCode
   Definitions
      At line 8 in file LDM_STM.s
   Uses
      None
Comment: myCode unused
5 symbols



ARM Macro Assembler    Page 1 Alphabetic symbol ordering
Relocatable symbols

DST 00000000

Symbol: DST
   Definitions
      At line 28 in file LDM_STM.s
   Uses
      None
Comment: DST unused
data1 00000000

Symbol: data1
   Definitions
      At line 27 in file LDM_STM.s
   Uses
      None
Comment: data1 unused
2 symbols
341 symbols in table
