


ARM Macro Assembler    Page 1 


    1 00000000                 AREA             RESET,DATA,READONLY
    2 00000000                 EXPORT           __Vectors
    3 00000000         
    4 00000000         __Vectors
    5 00000000 10001000        DCD              0x10001000
    6 00000004 00000000        DCD              Reset_Handler
    7 00000008                 ALIGN
    8 00000008                 AREA             count,CODE,READONLY
    9 00000000                 ENTRY
   10 00000000                 EXPORT           Reset_Handler
   11 00000000         
   12 00000000         Reset_Handler
   13 00000000 480F            LDR              R0,=SRC
   14 00000002 6801            LDR              R1,[R0]
   15 00000004 F04F 0200       MOV              R2,#0
   16 00000008 F000 F803       BL               COUNT
   17 0000000C 480D            LDR              R0,=DST
   18 0000000E 6002            STR              R2,[R0]
   19 00000010 E013            B                STOP
   20 00000012         
   21 00000012         COUNT
   22 00000012 B500            PUSH             {R14}
   23 00000014 F001 0001       AND              R0,R1,#1
   24 00000018 EA4F 0151       MOV              R1,R1,LSR #1
   25 0000001C 2900            CMP              R1,#0
   26 0000001E D002            BEQ              EXIT
   27 00000020 2801            CMP              R0,#1
   28 00000022 D007            BEQ              INC
   29 00000024 D1F5            BNE              COUNT
   30 00000026         
   31 00000026         EXIT
   32 00000026 F85D EB04       POP              {R14}
   33 0000002A 2801            CMP              R0,#1
   34 0000002C D101            BNE              DONE
   35 0000002E         
   36 0000002E         INCR
   37 0000002E F102 0201       ADD              R2,R2,#1
   38 00000032         
   39 00000032         DONE
   40 00000032 4770            BX               LR
   41 00000034         
   42 00000034         INC
   43 00000034 F102 0201       ADD              R2,R2,#1
   44 00000038 E7EB            B                COUNT
   45 0000003A         
   46 0000003A         STOP
   47 0000003A E7FE            B                STOP
   48 0000003C         
   49 0000003C FFE00001 
                       SRC     DCD              0xFFE00001
   50 00000040         
   51 00000040 00000000 
              00000000         AREA             dataseg,DATA,READWRITE
   52 00000000 00000000 
                       DST     DCD              0
   53 00000004         
   54 00000004                 END
Command Line: --debug --xref --cpu=Cortex-M3 --apcs=interwork --depend=onecount
.d -oonecount.o -I"F:\Keil uVision\ARM\RV31\INC" -I"F:\Keil uVision\ARM\CMSIS\I



ARM Macro Assembler    Page 2 


nclude" -I"F:\Keil uVision\ARM\Inc\NXP\LPC17xx" --list=onecount.lst onecount.s



ARM Macro Assembler    Page 1 Alphabetic symbol ordering
Relocatable symbols

RESET 00000000

Symbol: RESET
   Definitions
      At line 1 in file onecount.s
   Uses
      None
Comment: RESET unused
__Vectors 00000000

Symbol: __Vectors
   Definitions
      At line 4 in file onecount.s
   Uses
      At line 2 in file onecount.s
Comment: __Vectors used once
2 symbols



ARM Macro Assembler    Page 1 Alphabetic symbol ordering
Relocatable symbols

COUNT 00000012

Symbol: COUNT
   Definitions
      At line 21 in file onecount.s
   Uses
      At line 16 in file onecount.s
      At line 29 in file onecount.s
      At line 44 in file onecount.s

DONE 00000032

Symbol: DONE
   Definitions
      At line 39 in file onecount.s
   Uses
      At line 34 in file onecount.s
Comment: DONE used once
EXIT 00000026

Symbol: EXIT
   Definitions
      At line 31 in file onecount.s
   Uses
      At line 26 in file onecount.s
Comment: EXIT used once
INC 00000034

Symbol: INC
   Definitions
      At line 42 in file onecount.s
   Uses
      At line 28 in file onecount.s
Comment: INC used once
INCR 0000002E

Symbol: INCR
   Definitions
      At line 36 in file onecount.s
   Uses
      None
Comment: INCR unused
Reset_Handler 00000000

Symbol: Reset_Handler
   Definitions
      At line 12 in file onecount.s
   Uses
      At line 6 in file onecount.s
      At line 10 in file onecount.s

SRC 0000003C

Symbol: SRC
   Definitions
      At line 49 in file onecount.s
   Uses
      At line 13 in file onecount.s
Comment: SRC used once



ARM Macro Assembler    Page 2 Alphabetic symbol ordering
Relocatable symbols

STOP 0000003A

Symbol: STOP
   Definitions
      At line 46 in file onecount.s
   Uses
      At line 19 in file onecount.s
      At line 47 in file onecount.s

count 00000000

Symbol: count
   Definitions
      At line 8 in file onecount.s
   Uses
      None
Comment: count unused
9 symbols



ARM Macro Assembler    Page 1 Alphabetic symbol ordering
Relocatable symbols

DST 00000000

Symbol: DST
   Definitions
      At line 52 in file onecount.s
   Uses
      At line 17 in file onecount.s
Comment: DST used once
dataseg 00000000

Symbol: dataseg
   Definitions
      At line 51 in file onecount.s
   Uses
      None
Comment: dataseg unused
2 symbols
345 symbols in table
