


ARM Macro Assembler    Page 1 


    1 00000000                 AREA             RESET,DATA,READONLY
    2 00000000                 EXPORT           __Vectors
    3 00000000         
    4 00000000         __Vectors
    5 00000000 10001000        DCD              0x10001000
    6 00000004 00000000        DCD              Reset_Handler
    7 00000008                 ALIGN
    8 00000008                 AREA             myCode, CODE, READONLY
    9 00000000                 ENTRY
   10 00000000                 EXPORT           Reset_Handler
   11 00000000         
   12 00000000         
   13 00000000         Reset_Handler
   14 00000000 F04F 0A0A       MOV              R10,#10
   15 00000004 F8DF C09C       LDR              R12,=SRC
   16 00000008 4827            LDR              R0,=DST
   17 0000000A         
   18 0000000A         STORE
   19 0000000A F85C BB04       LDR              R11,[R12],#4
   20 0000000E F840 BB04       STR              R11,[R0],#4
   21 00000012 F1AA 0A01       SUB              R10,R10,#1
   22 00000016 F1BA 0F00       CMP              R10,#0
   23 0000001A D1F6            BNE              STORE
   24 0000001C F04F 0A0A       MOV              R10,#10
   25 00000020 F8DF C084       LDR              R12,=DST
   26 00000024 4920            LDR              R1,=DST
   27 00000026 E7FF            B                LOOP1
   28 00000028         
   29 00000028         LOOP1
   30 00000028 460F            MOV              R7,R1
   31 0000002A F851 2B04       LDR              R2,[R1],#4
   32 0000002E 460B            MOV              R3,R1
   33 00000030 46D1            MOV              R9,R10
   34 00000032 F1A9 0901       SUB              R9,R9,#1
   35 00000036 F1B9 0F00       CMP              R9,#0
   36 0000003A D01A            BEQ              FINAL
   37 0000003C E000            B                LOOP2
   38 0000003E E011            B                REST
   39 00000040         
   40 00000040         
   41 00000040         LOOP2
   42 00000040 4698            MOV              R8,R3
   43 00000042 F853 4B04       LDR              R4,[R3],#4
   44 00000046 4294            CMP              R4,R2
   45 00000048 DB00            BLT              SWAP
   46 0000004A E006            B                REST2
   47 0000004C         
   48 0000004C         SWAP
   49 0000004C 4610            MOV              R0,R2
   50 0000004E 4625            MOV              R5,R4
   51 00000050 462A            MOV              R2,R5
   52 00000052 4604            MOV              R4,R0
   53 00000054 603A            STR              R2,[R7]
   54 00000056 F8C8 4000       STR              R4,[R8]
   55 0000005A         
   56 0000005A         REST2
   57 0000005A F1A9 0901       SUB              R9,R9,#1
   58 0000005E F1B9 0F00       CMP              R9,#0
   59 00000062 D1ED            BNE              LOOP2



ARM Macro Assembler    Page 2 


   60 00000064         
   61 00000064         REST
   62 00000064 F1AA 0A01       SUB              R10,R10,#1
   63 00000068 F84C 2B04       STR              R2,[R12],#4
   64 0000006C F1BA 0F00       CMP              R10,#0
   65 00000070 D1DA            BNE              LOOP1
   66 00000072         
   67 00000072         FINAL
   68 00000072 F84C 2B04       STR              R2,[R12],#4
   69 00000076 E7FF            B                STOP
   70 00000078         
   71 00000078         STOP
   72 00000078 E7FE            B                STOP
   73 0000007A         
   74 0000007A 00 00 000000FF 
              0000002A 
              00000017 
              0000000B 
              00000051 
              00000013 
              00000064 
              00000002 
              0000004E 
              0000002C SRC     DCD              255,42,23,11,81,19,100,2,78,44
   75 000000A4         
   76 000000A4 00000000 
              00000000 
              00000000 
              00000000         AREA             data1,DATA,READWRITE
   77 00000000 00000000 
                       DST     DCD              0
   78 00000004         
   79 00000004                 END
Command Line: --debug --xref --cpu=Cortex-M3 --apcs=interwork --depend=.\select
ion_sort.d -o.\selection_sort.o -I"F:\Keil uVision\ARM\RV31\INC" -I"F:\Keil uVi
sion\ARM\CMSIS\Include" -I"F:\Keil uVision\ARM\Inc\NXP\LPC17xx" --list=.\select
ion_sort.lst ..\Lab4\selection_sort.s



ARM Macro Assembler    Page 1 Alphabetic symbol ordering
Relocatable symbols

RESET 00000000

Symbol: RESET
   Definitions
      At line 1 in file ..\Lab4\selection_sort.s
   Uses
      None
Comment: RESET unused
__Vectors 00000000

Symbol: __Vectors
   Definitions
      At line 4 in file ..\Lab4\selection_sort.s
   Uses
      At line 2 in file ..\Lab4\selection_sort.s
Comment: __Vectors used once
2 symbols



ARM Macro Assembler    Page 1 Alphabetic symbol ordering
Relocatable symbols

FINAL 00000072

Symbol: FINAL
   Definitions
      At line 67 in file ..\Lab4\selection_sort.s
   Uses
      At line 36 in file ..\Lab4\selection_sort.s
Comment: FINAL used once
LOOP1 00000028

Symbol: LOOP1
   Definitions
      At line 29 in file ..\Lab4\selection_sort.s
   Uses
      At line 27 in file ..\Lab4\selection_sort.s
      At line 65 in file ..\Lab4\selection_sort.s

LOOP2 00000040

Symbol: LOOP2
   Definitions
      At line 41 in file ..\Lab4\selection_sort.s
   Uses
      At line 37 in file ..\Lab4\selection_sort.s
      At line 59 in file ..\Lab4\selection_sort.s

REST 00000064

Symbol: REST
   Definitions
      At line 61 in file ..\Lab4\selection_sort.s
   Uses
      At line 38 in file ..\Lab4\selection_sort.s
Comment: REST used once
REST2 0000005A

Symbol: REST2
   Definitions
      At line 56 in file ..\Lab4\selection_sort.s
   Uses
      At line 46 in file ..\Lab4\selection_sort.s
Comment: REST2 used once
Reset_Handler 00000000

Symbol: Reset_Handler
   Definitions
      At line 13 in file ..\Lab4\selection_sort.s
   Uses
      At line 6 in file ..\Lab4\selection_sort.s
      At line 10 in file ..\Lab4\selection_sort.s

SRC 0000007C

Symbol: SRC
   Definitions
      At line 74 in file ..\Lab4\selection_sort.s
   Uses
      At line 15 in file ..\Lab4\selection_sort.s
Comment: SRC used once



ARM Macro Assembler    Page 2 Alphabetic symbol ordering
Relocatable symbols

STOP 00000078

Symbol: STOP
   Definitions
      At line 71 in file ..\Lab4\selection_sort.s
   Uses
      At line 69 in file ..\Lab4\selection_sort.s
      At line 72 in file ..\Lab4\selection_sort.s

STORE 0000000A

Symbol: STORE
   Definitions
      At line 18 in file ..\Lab4\selection_sort.s
   Uses
      At line 23 in file ..\Lab4\selection_sort.s
Comment: STORE used once
SWAP 0000004C

Symbol: SWAP
   Definitions
      At line 48 in file ..\Lab4\selection_sort.s
   Uses
      At line 45 in file ..\Lab4\selection_sort.s
Comment: SWAP used once
myCode 00000000

Symbol: myCode
   Definitions
      At line 8 in file ..\Lab4\selection_sort.s
   Uses
      None
Comment: myCode unused
11 symbols



ARM Macro Assembler    Page 1 Alphabetic symbol ordering
Relocatable symbols

DST 00000000

Symbol: DST
   Definitions
      At line 77 in file ..\Lab4\selection_sort.s
   Uses
      At line 16 in file ..\Lab4\selection_sort.s
      At line 25 in file ..\Lab4\selection_sort.s
      At line 26 in file ..\Lab4\selection_sort.s

data1 00000000

Symbol: data1
   Definitions
      At line 76 in file ..\Lab4\selection_sort.s
   Uses
      None
Comment: data1 unused
2 symbols
347 symbols in table
