


ARM Macro Assembler    Page 1 


    1 00000000                 AREA             RESET,DATA,READONLY
    2 00000000                 EXPORT           __Vectors
    3 00000000         
    4 00000000         __Vectors
    5 00000000 10001000        DCD              0x10001000
    6 00000004 00000000        DCD              Reset_Handler
    7 00000008                 ALIGN
    8 00000008                 AREA             myCode, CODE, READONLY
    9 00000000                 ENTRY
   10 00000000                 EXPORT           Reset_Handler
   11 00000000         
   12 00000000         Reset_Handler
   13 00000000 F04F 000A       MOV              R0,#0xA
   14 00000004 4907            LDR              R1,=Num1
   15 00000006 4A08            LDR              R2,=DST
   16 00000008 680B            LDR              R3,[R1]
   17 0000000A F003 040F       AND              R4,R3,#0x0F
   18 0000000E F003 05F0       AND              R5,R3,#0xF0
   19 00000012 EA4F 1535       MOV              R5,R5,ROR #4
   20 00000016 FB05 4500       MLA              R5,R5,R0,R4
   21 0000001A 6015            STR              R5,[R2]
   22 0000001C         
   23 0000001C         STOP
   24 0000001C E7FE            B                STOP
   25 0000001E         
   26 0000001E 00 00 00000042 
                       Num1    DCD              0x42
   27 00000024         
   28 00000024 00000000 
              00000000         AREA             data1,DATA,READWRITE
   29 00000000 00000000 
                       DST     DCD              0
   30 00000004         
   31 00000004                 END
Command Line: --debug --xref --cpu=Cortex-M3 --apcs=interwork --depend=BCD_To_H
exadecimal.d -oBCD_To_Hexadecimal.o -I"F:\Keil uVision\ARM\RV31\INC" -I"F:\Keil
 uVision\ARM\CMSIS\Include" -I"F:\Keil uVision\ARM\Inc\NXP\LPC17xx" --list=BCD_
To_Hexadecimal.lst BCD_To_Hexadecimal.s



ARM Macro Assembler    Page 1 Alphabetic symbol ordering
Relocatable symbols

RESET 00000000

Symbol: RESET
   Definitions
      At line 1 in file BCD_To_Hexadecimal.s
   Uses
      None
Comment: RESET unused
__Vectors 00000000

Symbol: __Vectors
   Definitions
      At line 4 in file BCD_To_Hexadecimal.s
   Uses
      At line 2 in file BCD_To_Hexadecimal.s
Comment: __Vectors used once
2 symbols



ARM Macro Assembler    Page 1 Alphabetic symbol ordering
Relocatable symbols

Num1 00000020

Symbol: Num1
   Definitions
      At line 26 in file BCD_To_Hexadecimal.s
   Uses
      At line 14 in file BCD_To_Hexadecimal.s
Comment: Num1 used once
Reset_Handler 00000000

Symbol: Reset_Handler
   Definitions
      At line 12 in file BCD_To_Hexadecimal.s
   Uses
      At line 6 in file BCD_To_Hexadecimal.s
      At line 10 in file BCD_To_Hexadecimal.s

STOP 0000001C

Symbol: STOP
   Definitions
      At line 23 in file BCD_To_Hexadecimal.s
   Uses
      At line 24 in file BCD_To_Hexadecimal.s
Comment: STOP used once
myCode 00000000

Symbol: myCode
   Definitions
      At line 8 in file BCD_To_Hexadecimal.s
   Uses
      None
Comment: myCode unused
4 symbols



ARM Macro Assembler    Page 1 Alphabetic symbol ordering
Relocatable symbols

DST 00000000

Symbol: DST
   Definitions
      At line 29 in file BCD_To_Hexadecimal.s
   Uses
      At line 15 in file BCD_To_Hexadecimal.s
Comment: DST used once
data1 00000000

Symbol: data1
   Definitions
      At line 28 in file BCD_To_Hexadecimal.s
   Uses
      None
Comment: data1 unused
2 symbols
340 symbols in table
