


ARM Macro Assembler    Page 1 


    1 00000000                 AREA             RESET,DATA,READONLY
    2 00000000                 EXPORT           __Vectors
    3 00000000         __Vectors
    4 00000000 10004000        DCD              0X10004000
    5 00000004 00000000        DCD              Reset_Handler
    6 00000008                 ALIGN
    7 00000008                 AREA             mycode,CODE,READONLY
    8 00000000                 ENTRY
    9 00000000                 EXPORT           Reset_Handler
   10 00000000         
   11 00000000         Reset_Handler
   12 00000000 4812            LDR              R0,=NUM
   13 00000002 4913            LDR              R1,=DST
   14 00000004 F8D0 A000       LDR              R10,[R0]
   15 00000008 F04F 0200       MOV              R2,#0
   16 0000000C E000            B                HEX2BCD
   17 0000000E         
   18 0000000E         STOP
   19 0000000E E7FE            B                STOP
   20 00000010         
   21 00000010         HEX2BCD
   22 00000010 F1BA 0F00       CMP              R10,#0
   23 00000014 D00A            BEQ              DONE
   24 00000016 F000 F80B       BL               DIV
   25 0000001A FA0A FA02       LSL              R10,R2
   26 0000001E 4456            ADD              R6,R10
   27 00000020 F102 0204       ADD              R2,#4
   28 00000024 469A            MOV              R10,R3
   29 00000026 F04F 0300       MOV              R3,#0
   30 0000002A E7F1            B                HEX2BCD
   31 0000002C         
   32 0000002C         DONE
   33 0000002C 600E            STR              R6,[R1]
   34 0000002E E7EE            B                STOP
   35 00000030         
   36 00000030         DIV
   37 00000030 B500            PUSH             {R14}
   38 00000032 F1BA 0F0A       CMP              R10,#0x0A
   39 00000036 D304            BLO              EXIT
   40 00000038 F1AA 0A0A       SUB              R10,#0x0A
   41 0000003C F103 0301       ADD              R3,#1
   42 00000040 E7F6            B                DIV
   43 00000042         EXIT
   44 00000042 F85D EB04       POP              {R14}
   45 00000046 4770            BX               LR
   46 00000048         
   47 00000048 000000FF 
                       NUM     DCD              0xFF
   48 0000004C 00000000 
              00000000         AREA             DATASEG,DATA,READWRITE
   49 00000000 00000000 
                       DST     DCD              0x0
   50 00000004                 END
Command Line: --debug --xref --cpu=Cortex-M3 --apcs=interwork --depend=Hexadeci
mal_To_BCD.d -oHexadecimal_To_BCD.o -I"F:\Keil uVision\ARM\RV31\INC" -I"F:\Keil
 uVision\ARM\CMSIS\Include" -I"F:\Keil uVision\ARM\Inc\NXP\LPC17xx" --list=Hexa
decimal_To_BCD.lst Hexadecimal_To_BCD.s



ARM Macro Assembler    Page 1 Alphabetic symbol ordering
Relocatable symbols

RESET 00000000

Symbol: RESET
   Definitions
      At line 1 in file Hexadecimal_To_BCD.s
   Uses
      None
Comment: RESET unused
__Vectors 00000000

Symbol: __Vectors
   Definitions
      At line 3 in file Hexadecimal_To_BCD.s
   Uses
      At line 2 in file Hexadecimal_To_BCD.s
Comment: __Vectors used once
2 symbols



ARM Macro Assembler    Page 1 Alphabetic symbol ordering
Relocatable symbols

DIV 00000030

Symbol: DIV
   Definitions
      At line 36 in file Hexadecimal_To_BCD.s
   Uses
      At line 24 in file Hexadecimal_To_BCD.s
      At line 42 in file Hexadecimal_To_BCD.s

DONE 0000002C

Symbol: DONE
   Definitions
      At line 32 in file Hexadecimal_To_BCD.s
   Uses
      At line 23 in file Hexadecimal_To_BCD.s
Comment: DONE used once
EXIT 00000042

Symbol: EXIT
   Definitions
      At line 43 in file Hexadecimal_To_BCD.s
   Uses
      At line 39 in file Hexadecimal_To_BCD.s
Comment: EXIT used once
HEX2BCD 00000010

Symbol: HEX2BCD
   Definitions
      At line 21 in file Hexadecimal_To_BCD.s
   Uses
      At line 16 in file Hexadecimal_To_BCD.s
      At line 30 in file Hexadecimal_To_BCD.s

NUM 00000048

Symbol: NUM
   Definitions
      At line 47 in file Hexadecimal_To_BCD.s
   Uses
      At line 12 in file Hexadecimal_To_BCD.s
Comment: NUM used once
Reset_Handler 00000000

Symbol: Reset_Handler
   Definitions
      At line 11 in file Hexadecimal_To_BCD.s
   Uses
      At line 5 in file Hexadecimal_To_BCD.s
      At line 9 in file Hexadecimal_To_BCD.s

STOP 0000000E

Symbol: STOP
   Definitions
      At line 18 in file Hexadecimal_To_BCD.s
   Uses
      At line 19 in file Hexadecimal_To_BCD.s
      At line 34 in file Hexadecimal_To_BCD.s



ARM Macro Assembler    Page 2 Alphabetic symbol ordering
Relocatable symbols


mycode 00000000

Symbol: mycode
   Definitions
      At line 7 in file Hexadecimal_To_BCD.s
   Uses
      None
Comment: mycode unused
8 symbols



ARM Macro Assembler    Page 1 Alphabetic symbol ordering
Relocatable symbols

DATASEG 00000000

Symbol: DATASEG
   Definitions
      At line 48 in file Hexadecimal_To_BCD.s
   Uses
      None
Comment: DATASEG unused
DST 00000000

Symbol: DST
   Definitions
      At line 49 in file Hexadecimal_To_BCD.s
   Uses
      At line 13 in file Hexadecimal_To_BCD.s
Comment: DST used once
2 symbols
344 symbols in table
